<?xml version="1.0" encoding="UTF-8"?>
<!-- Generated by org.testng.reporters.JUnitReportReporter -->
<testsuite hostname="LAPTOP-DK6TK74Q" failures="0" tests="1" name="com.DDT.practice.ReadDataFromJSONTest" time="0.028" errors="0" timestamp="30 Dec 2022 06:20:29 GMT" skipped="0">
  <testcase classname="com.DDT.practice.ReadDataFromJSONTest" name="readDataFromJSON" time="0.028"/>
</testsuite> <!-- com.DDT.practice.ReadDataFromJSONTest -->
