<?xml version="1.0" encoding="UTF-8"?>
<!-- Generated by org.testng.reporters.JUnitReportReporter -->
<testsuite hostname="LAPTOP-DK6TK74Q" failures="0" tests="1" name="com.ZMS.TestScripts.ManageTicketTest" time="21.468" errors="0" timestamp="2023-01-02T12:39:01 IST" skipped="0">
  <testcase classname="com.ZMS.TestScripts.ManageTicketTest" name="manageticket" time="21.468"/>
  <system-out/>
</testsuite> <!-- com.ZMS.TestScripts.ManageTicketTest -->
