<?xml version="1.0" encoding="UTF-8"?>
<!-- Generated by org.testng.reporters.JUnitReportReporter -->
<testsuite hostname="LAPTOP-DK6TK74Q" failures="0" tests="1" name="com.ZMS.TestScripts.TC_02_AddAnimalDetailsTest" time="64.834" errors="0" timestamp="2022-12-30T17:03:43 IST" skipped="0">
  <testcase classname="com.ZMS.TestScripts.TC_02_AddAnimalDetailsTest" name="addanimal" time="64.834"/>
  <system-out/>
</testsuite> <!-- com.ZMS.TestScripts.TC_02_AddAnimalDetailsTest -->
