<?xml version="1.0" encoding="UTF-8"?>
<!-- Generated by org.testng.reporters.JUnitReportReporter -->
<testsuite hostname="LAPTOP-DK6TK74Q" failures="0" tests="1" name="com.ZMS.TestScripts.ZMSTest" time="19.009" errors="0" timestamp="2023-01-03T11:20:21 IST" skipped="0">
  <testcase classname="com.ZMS.TestScripts.ZMSTest" name="addanimal" time="19.009"/>
  <system-out>
This testcase is about Adding Animal  </system-out>
</testsuite> <!-- com.ZMS.TestScripts.ZMSTest -->
