<?xml version="1.0" encoding="UTF-8"?>
<!-- Generated by org.testng.reporters.JUnitReportReporter -->
<testsuite hostname="LAPTOP-DK6TK74Q" failures="0" tests="6" name="com.testng.test.InvocationTest" time="0.044" errors="0" timestamp="30 Dec 2022 07:00:41 GMT" skipped="0">
  <testcase classname="com.testng.test.InvocationTest" name="addTicket" time="0.002"/>
  <testcase classname="com.testng.test.InvocationTest" name="addAnimal" time="0.033"/>
  <testcase classname="com.testng.test.InvocationTest" name="addTicket" time="0.002"/>
  <testcase classname="com.testng.test.InvocationTest" name="addTicket" time="0.003"/>
  <testcase classname="com.testng.test.InvocationTest" name="addTicket" time="0.002"/>
  <testcase classname="com.testng.test.InvocationTest" name="addTicket" time="0.002"/>
</testsuite> <!-- com.testng.test.InvocationTest -->
