<?xml version="1.0" encoding="UTF-8"?>
<!-- Generated by org.testng.reporters.JUnitReportReporter -->
<testsuite hostname="LAPTOP-DK6TK74Q" failures="0" tests="1" name="com.ZMS.TestScripts.TC_03_ManageTypeTicketTest" time="53.515" errors="0" timestamp="2022-12-30T17:07:39 IST" skipped="0">
  <testcase classname="com.ZMS.TestScripts.TC_03_ManageTypeTicketTest" name="manageticket" time="53.515"/>
  <system-out/>
</testsuite> <!-- com.ZMS.TestScripts.TC_03_ManageTypeTicketTest -->
