<?xml version="1.0" encoding="UTF-8"?>
<!-- Generated by org.testng.reporters.JUnitReportReporter -->
<testsuite hostname="Sandy" failures="0" tests="2" name="com.ZMS.TestScripts.ZMSTest" time="26.483" errors="0" timestamp="2023-01-03T15:47:20 IST" skipped="0">
  <testcase classname="com.ZMS.TestScripts.ZMSTest" name="addanimal" time="15.419"/>
  <system-out>
    <![CDATA[This testcase is about Adding Animal]]>
  </system-out>
  <testcase classname="com.ZMS.TestScripts.ZMSTest" name="manageticket" time="11.064"/>
  <system-out/>
</testsuite> <!-- com.ZMS.TestScripts.ZMSTest -->
