<?xml version="1.0" encoding="UTF-8"?>
<!-- Generated by org.testng.reporters.JUnitReportReporter -->
<testsuite hostname="LAPTOP-DK6TK74Q" failures="0" tests="1" name="com.testng.test.SampleTest" time="0.044" errors="0" timestamp="2023-01-03T12:05:11 IST" skipped="0">
  <testcase classname="com.testng.test.SampleTest" name="generatingDate" time="0.044"/>
  <system-out/>
</testsuite> <!-- com.testng.test.SampleTest -->
