<?xml version="1.0" encoding="UTF-8"?>
<!-- Generated by org.testng.reporters.JUnitReportReporter -->
<testsuite hostname="LAPTOP-DK6TK74Q" failures="0" tests="2" name="com.testng.test.DemoTest" time="0.017" errors="0" timestamp="2023-01-02T11:15:56 IST" skipped="0">
  <testcase classname="com.testng.test.DemoTest" name="addTicket" time="0.013"/>
  <system-out/>
  <testcase classname="com.testng.test.DemoTest" name="manageTicket" time="0.004"/>
  <system-out/>
</testsuite> <!-- com.testng.test.DemoTest -->
